<?xml version="1.0" encoding="UTF-8"?>
<testsuite name="life.core.OrganismDnaRnaProteinTests" tests="1" skipped="0" failures="0" errors="0" timestamp="2019-12-12T14:16:42" hostname="C02YH1AUJGH5" time="0.013">
  <properties/>
  <testcase name="getGeneAndDnaAndRnaAndProtein" classname="life.core.OrganismDnaRnaProteinTests" time="0.013"/>
  <system-out><![CDATA[]]></system-out>
  <system-err><![CDATA[]]></system-err>
</testsuite>
